<?xml version="1.0" encoding="UTF-8"?>
<!-- Generated by org.testng.reporters.JUnitXMLReporter -->
<testsuite ignored="0" hostname="IN2-NOINB-SAME" failures="1" tests="5" name="Command line test" time="31.096" errors="0" timestamp="2022-03-21T12:43:49 IST">
  <testcase classname="Baselibrary.Base" name="@AfterMethod get_listeners" time="0.683">
    <failure type="java.lang.NoClassDefFoundError" message="org/apache/commons/io/FileUtils">
      <![CDATA[java.lang.NoClassDefFoundError: org/apache/commons/io/FileUtils
at ScreenshotUti.Screenshot.get_screenshot(Screenshot.java:22)
at Baselibrary.Base.get_listeners(Base.java:35)
at java.base/java.util.ArrayList.forEach(ArrayList.java:1511)
Caused by: java.lang.ClassNotFoundException: org.apache.commons.io.FileUtils
at java.base/jdk.internal.loader.BuiltinClassLoader.loadClass(BuiltinClassLoader.java:641)
at java.base/jdk.internal.loader.ClassLoaders$AppClassLoader.loadClass(ClassLoaders.java:188)
at java.base/java.lang.ClassLoader.loadClass(ClassLoader.java:520)
... 45 more
... Removed 42 stack frames]]>
    </failure>
  </testcase> <!-- @AfterMethod get_listeners -->
  <testcase classname="Baselibrary.Base" name="@AfterMethod get_listeners" time="0.518">
    <failure type="java.lang.NoClassDefFoundError" message="org/apache/commons/io/FileUtils">
      <![CDATA[java.lang.NoClassDefFoundError: org/apache/commons/io/FileUtils
at ScreenshotUti.Screenshot.get_screenshot(Screenshot.java:22)
at Baselibrary.Base.get_listeners(Base.java:39)
at java.base/java.util.ArrayList.forEach(ArrayList.java:1511)
Caused by: java.lang.ClassNotFoundException: org.apache.commons.io.FileUtils
... 45 more
... Removed 42 stack frames]]>
    </failure>
  </testcase> <!-- @AfterMethod get_listeners -->
  <testcase classname="Test.LoginTest" name="@AfterMethod Finish" time="0.0">
    <skipped/>
  </testcase> <!-- @AfterMethod Finish -->
  <testcase classname="Baselibrary.Base" name="@AfterMethod get_listeners" time="0.0">
    <skipped/>
  </testcase> <!-- @AfterMethod get_listeners -->
  <testcase classname="Test.LoginTest" name="@AfterMethod Finish" time="0.0">
    <skipped/>
  </testcase> <!-- @AfterMethod Finish -->
  <testcase classname="Baselibrary.Base" name="@AfterMethod get_listeners" time="0.0">
    <skipped/>
  </testcase> <!-- @AfterMethod get_listeners -->
  <testcase classname="Test.LoginTest" name="@AfterMethod Finish" time="0.0">
    <skipped/>
  </testcase> <!-- @AfterMethod Finish -->
  <testcase classname="Baselibrary.Base" name="@AfterMethod get_listeners" time="0.0">
    <skipped/>
  </testcase> <!-- @AfterMethod get_listeners -->
  <testcase classname="Test.Admin_MasterTableTest" name="getAdmin" time="10.07"/>
  <testcase classname="Test.LoginTest" name="getsignin" time="0.006">
    <failure type="java.lang.NoClassDefFoundError" message="org/apache/poi/xssf/usermodel/XSSFWorkbook">
      <![CDATA[java.lang.NoClassDefFoundError: org/apache/poi/xssf/usermodel/XSSFWorkbook
at ExcelUtility.ExcelRead.GetData(ExcelRead.java:26)
at Pages.Login.Signme(Login.java:86)
at Test.LoginTest.getsignin(LoginTest.java:56)
at java.base/java.util.ArrayList.forEach(ArrayList.java:1511)
Caused by: java.lang.ClassNotFoundException: org.apache.poi.xssf.usermodel.XSSFWorkbook
at java.base/jdk.internal.loader.BuiltinClassLoader.loadClass(BuiltinClassLoader.java:641)
at java.base/jdk.internal.loader.ClassLoaders$AppClassLoader.loadClass(ClassLoaders.java:188)
at java.base/java.lang.ClassLoader.loadClass(ClassLoader.java:520)
... 41 more
... Removed 37 stack frames]]>
    </failure>
  </testcase> <!-- getsignin -->
  <testcase classname="Test.LoginTest" name="getAssert" time="0.0">
    <skipped/>
  </testcase> <!-- getAssert -->
  <testcase classname="Test.LoginTest" name="getselect" time="0.0">
    <skipped/>
  </testcase> <!-- getselect -->
  <testcase classname="Test.LoginTest" name="getDateFilterValidation" time="0.0">
    <skipped/>
  </testcase> <!-- getDateFilterValidation -->
</testsuite> <!-- Command line test -->
